Flow report for DE10_LITE
Mon Jul 03 19:26:47 2023
Quartus Prime Version 17.1.0 Build 590 10/25/2017 SJ Lite Edition


---------------------
; Table of Contents ;
---------------------
  1. Legal Notice
  2. Flow Summary
  3. Flow Settings
  4. Flow Non-Default Global Settings
  5. Flow Elapsed Time
  6. Flow OS Summary
  7. Flow Log
  8. Flow Messages
  9. Flow Suppressed Messages



----------------
; Legal Notice ;
----------------
Copyright (C) 2017  Intel Corporation. All rights reserved.
Your use of Intel Corporation's design tools, logic functions 
and other software and tools, and its AMPP partner logic 
functions, and any output files from any of the foregoing 
(including device programming or simulation files), and any 
associated documentation or information are expressly subject 
to the terms and conditions of the Intel Program License 
Subscription Agreement, the Intel Quartus Prime License Agreement,
the Intel FPGA IP License Agreement, or other applicable license
agreement, including, without limitation, that your use is for
the sole purpose of programming logic devices manufactured by
Intel and sold by Intel or its authorized distributors.  Please
refer to the applicable agreement for further details.



+----------------------------------------------------------------------------------+
; Flow Summary                                                                     ;
+------------------------------------+---------------------------------------------+
; Flow Status                        ; Successful - Mon Jul 03 19:26:47 2023       ;
; Quartus Prime Version              ; 17.1.0 Build 590 10/25/2017 SJ Lite Edition ;
; Revision Name                      ; DE10_LITE                                   ;
; Top-level Entity Name              ; DE10_LITE                                   ;
; Family                             ; MAX 10                                      ;
; Device                             ; 10M50DAF484C7G                              ;
; Timing Models                      ; Final                                       ;
; Total logic elements               ; 28,016 / 49,760 ( 56 % )                    ;
;     Total combinational functions  ; 24,271 / 49,760 ( 49 % )                    ;
;     Dedicated logic registers      ; 8,763 / 49,760 ( 18 % )                     ;
; Total registers                    ; 8763                                        ;
; Total pins                         ; 117 / 360 ( 33 % )                          ;
; Total virtual pins                 ; 0                                           ;
; Total memory bits                  ; 386,560 / 1,677,312 ( 23 % )                ;
; Embedded Multiplier 9-bit elements ; 216 / 288 ( 75 % )                          ;
; Total PLLs                         ; 1 / 4 ( 25 % )                              ;
; UFM blocks                         ; 0 / 1 ( 0 % )                               ;
; ADC blocks                         ; 0 / 2 ( 0 % )                               ;
+------------------------------------+---------------------------------------------+


+-----------------------------------------+
; Flow Settings                           ;
+-------------------+---------------------+
; Option            ; Setting             ;
+-------------------+---------------------+
; Start date & time ; 07/03/2023 18:58:22 ;
; Main task         ; Compilation         ;
; Revision Name     ; DE10_LITE           ;
+-------------------+---------------------+


+----------------------------------------------------------------------------------------------------------------------------------------------------+
; Flow Non-Default Global Settings                                                                                                                   ;
+--------------------------------------+-------------------------------------------+---------------+-------------+-----------------------------------+
; Assignment Name                      ; Value                                     ; Default Value ; Entity Name ; Section Id                        ;
+--------------------------------------+-------------------------------------------+---------------+-------------+-----------------------------------+
; COMPILER_SIGNATURE_ID                ; 193989710746336.168842150102056           ; --            ; --          ; --                                ;
; EDA_DESIGN_INSTANCE_NAME             ; NA                                        ; --            ; --          ; ssvep_lockin_tb                   ;
; EDA_GENERATE_FUNCTIONAL_NETLIST      ; Off                                       ; --            ; --          ; eda_board_design_timing           ;
; EDA_GENERATE_FUNCTIONAL_NETLIST      ; Off                                       ; --            ; --          ; eda_board_design_boundary_scan    ;
; EDA_GENERATE_FUNCTIONAL_NETLIST      ; Off                                       ; --            ; --          ; eda_board_design_signal_integrity ;
; EDA_GENERATE_FUNCTIONAL_NETLIST      ; Off                                       ; --            ; --          ; eda_board_design_symbol           ;
; EDA_NATIVELINK_SIMULATION_TEST_BENCH ; ssvep_lockin_tb                           ; --            ; --          ; eda_simulation                    ;
; EDA_OUTPUT_DATA_FORMAT               ; Verilog Hdl                               ; --            ; --          ; eda_simulation                    ;
; EDA_SIMULATION_TOOL                  ; ModelSim-Altera (Verilog)                 ; <None>        ; --          ; --                                ;
; EDA_TEST_BENCH_ENABLE_STATUS         ; TEST_BENCH_MODE                           ; --            ; --          ; eda_simulation                    ;
; EDA_TEST_BENCH_FILE                  ; simulation/mySimulation/ssvep_lockin_tb.v ; --            ; --          ; ssvep_lockin_tb                   ;
; EDA_TEST_BENCH_MODULE_NAME           ; ssvep_lockin_tb                           ; --            ; --          ; ssvep_lockin_tb                   ;
; EDA_TEST_BENCH_NAME                  ; ssvep_lockin_tb                           ; --            ; --          ; eda_simulation                    ;
; EDA_TIME_SCALE                       ; 1 ps                                      ; --            ; --          ; eda_simulation                    ;
; ENABLE_SIGNALTAP                     ; On                                        ; --            ; --          ; --                                ;
; MAX_CORE_JUNCTION_TEMP               ; 85                                        ; --            ; --          ; --                                ;
; MIN_CORE_JUNCTION_TEMP               ; 0                                         ; --            ; --          ; --                                ;
; MISC_FILE                            ; cores/master_pll.cmp                      ; --            ; --          ; --                                ;
; MISC_FILE                            ; cores/master_pll.ppf                      ; --            ; --          ; --                                ;
; MISC_FILE                            ; cores/sqrt_inst.v                         ; --            ; --          ; --                                ;
; MISC_FILE                            ; cores/sqrt_bb.v                           ; --            ; --          ; --                                ;
; OUTPUT_IO_TIMING_FAR_END_VMEAS       ; Half Signal Swing                         ; --            ; --          ; --                                ;
; OUTPUT_IO_TIMING_FAR_END_VMEAS       ; Half Signal Swing                         ; --            ; --          ; --                                ;
; OUTPUT_IO_TIMING_NEAR_END_VMEAS      ; Half Vccio                                ; --            ; --          ; --                                ;
; OUTPUT_IO_TIMING_NEAR_END_VMEAS      ; Half Vccio                                ; --            ; --          ; --                                ;
; PARTITION_COLOR                      ; -- (Not supported for targeted family)    ; --            ; --          ; Top                               ;
; PARTITION_FITTER_PRESERVATION_LEVEL  ; -- (Not supported for targeted family)    ; --            ; --          ; Top                               ;
; PARTITION_NETLIST_TYPE               ; -- (Not supported for targeted family)    ; --            ; --          ; Top                               ;
; POWER_BOARD_THERMAL_MODEL            ; None (CONSERVATIVE)                       ; --            ; --          ; --                                ;
; POWER_PRESET_COOLING_SOLUTION        ; 23 MM HEAT SINK WITH 200 LFPM AIRFLOW     ; --            ; --          ; --                                ;
; SLD_FILE                             ; db/stp2_auto_stripped.stp                 ; --            ; --          ; --                                ;
; USE_SIGNALTAP_FILE                   ; stp2.stp                                  ; --            ; --          ; --                                ;
+--------------------------------------+-------------------------------------------+---------------+-------------+-----------------------------------+


+-------------------------------------------------------------------------------------------------------------------------------+
; Flow Elapsed Time                                                                                                             ;
+---------------------------+--------------+-------------------------+---------------------+------------------------------------+
; Module Name               ; Elapsed Time ; Average Processors Used ; Peak Virtual Memory ; Total CPU Time (on all processors) ;
+---------------------------+--------------+-------------------------+---------------------+------------------------------------+
; Analysis & Synthesis      ; 00:18:47     ; 1.0                     ; 5165 MB             ; 00:02:26                           ;
; Fitter                    ; 00:06:56     ; 1.1                     ; 5703 MB             ; 00:09:09                           ;
; Assembler                 ; 00:00:27     ; 1.0                     ; 4781 MB             ; 00:00:06                           ;
; TimeQuest Timing Analyzer ; 00:01:15     ; 1.6                     ; 5030 MB             ; 00:00:53                           ;
; EDA Netlist Writer        ; 00:00:49     ; 1.0                     ; 4795 MB             ; 00:00:07                           ;
; Total                     ; 00:28:14     ; --                      ; --                  ; 00:12:41                           ;
+---------------------------+--------------+-------------------------+---------------------+------------------------------------+


+-----------------------------------------------------------------------------------------+
; Flow OS Summary                                                                         ;
+---------------------------+------------------+------------+------------+----------------+
; Module Name               ; Machine Hostname ; OS Name    ; OS Version ; Processor type ;
+---------------------------+------------------+------------+------------+----------------+
; Analysis & Synthesis      ; DESKTOP-BRUHM76  ; Windows 10 ; 10.0       ; x86_64         ;
; Fitter                    ; DESKTOP-BRUHM76  ; Windows 10 ; 10.0       ; x86_64         ;
; Assembler                 ; DESKTOP-BRUHM76  ; Windows 10 ; 10.0       ; x86_64         ;
; TimeQuest Timing Analyzer ; DESKTOP-BRUHM76  ; Windows 10 ; 10.0       ; x86_64         ;
; EDA Netlist Writer        ; DESKTOP-BRUHM76  ; Windows 10 ; 10.0       ; x86_64         ;
+---------------------------+------------------+------------+------------+----------------+


------------
; Flow Log ;
------------
quartus_map --read_settings_files=on --write_settings_files=off DE10_LITE -c DE10_LITE
quartus_fit --read_settings_files=off --write_settings_files=off DE10_LITE -c DE10_LITE
quartus_asm --read_settings_files=off --write_settings_files=off DE10_LITE -c DE10_LITE
quartus_sta DE10_LITE -c DE10_LITE
quartus_eda --read_settings_files=off --write_settings_files=off DE10_LITE -c DE10_LITE



