19:29:52 **** Incremental Build of configuration Nios II for project ssvep ****
make all 
Info: Building ../ssvep_bsp/
C:/intelFPGA_lite/17.1/nios2eds/bin/gnu/H-x86_64-mingw32/bin/make --no-print-directory -C ../ssvep_bsp/
[BSP build complete]
[ssvep build complete]
19:30:03 **** Incremental Build of configuration Nios II for project ssvep ****
make all 
Info: Building ../ssvep_bsp/
C:/intelFPGA_lite/17.1/nios2eds/bin/gnu/H-x86_64-mingw32/bin/make --no-print-directory -C ../ssvep_bsp/
[BSP build complete]
[ssvep build complete]
19:30:12 **** Incremental Build of configuration Nios II for project ssvep ****
make all 
Info: Building ../ssvep_bsp/
C:/intelFPGA_lite/17.1/nios2eds/bin/gnu/H-x86_64-mingw32/bin/make --no-print-directory -C ../ssvep_bsp/
[BSP build complete]
[ssvep build complete]
19:30:16 **** Incremental Build of configuration Nios II for project ssvep ****
make all 
Info: Building ../ssvep_bsp/
C:/intelFPGA_lite/17.1/nios2eds/bin/gnu/H-x86_64-mingw32/bin/make --no-print-directory -C ../ssvep_bsp/
[BSP build complete]
[ssvep build complete]
19:30:36 **** Incremental Build of configuration Nios II for project ssvep ****
make all 
Info: Building ../ssvep_bsp/
C:/intelFPGA_lite/17.1/nios2eds/bin/gnu/H-x86_64-mingw32/bin/make --no-print-directory -C ../ssvep_bsp/
[BSP build complete]
[ssvep build complete]
19:30:53 **** Incremental Build of configuration Nios II for project ssvep ****
make all 
Info: Building ../ssvep_bsp/
C:/intelFPGA_lite/17.1/nios2eds/bin/gnu/H-x86_64-mingw32/bin/make --no-print-directory -C ../ssvep_bsp/
[BSP build complete]
[ssvep build complete]
19:31:22 **** Incremental Build of configuration Nios II for project ssvep ****
make all 
Info: Building ../ssvep_bsp/
C:/intelFPGA_lite/17.1/nios2eds/bin/gnu/H-x86_64-mingw32/bin/make --no-print-directory -C ../ssvep_bsp/
[BSP build complete]
[ssvep build complete]
13:54:05 **** Incremental Build of configuration Nios II for project ssvep ****
make all 
Info: Building ../ssvep_bsp/
C:/intelFPGA_lite/17.1/nios2eds/bin/gnu/H-x86_64-mingw32/bin/make --no-print-directory -C ../ssvep_bsp/
[BSP build complete]
[ssvep build complete]
13:54:23 **** Incremental Build of configuration Nios II for project ssvep ****
make all 
Info: Building ../ssvep_bsp/
C:/intelFPGA_lite/17.1/nios2eds/bin/gnu/H-x86_64-mingw32/bin/make --no-print-directory -C ../ssvep_bsp/
[BSP build complete]
[ssvep build complete]
13:55:08 **** Incremental Build of configuration Nios II for project ssvep ****
make all 
Info: Building ../ssvep_bsp/
C:/intelFPGA_lite/17.1/nios2eds/bin/gnu/H-x86_64-mingw32/bin/make --no-print-directory -C ../ssvep_bsp/
[BSP build complete]
[ssvep build complete]
13:55:32 **** Incremental Build of configuration Nios II for project ssvep ****
make all 
Info: Building ../ssvep_bsp/
C:/intelFPGA_lite/17.1/nios2eds/bin/gnu/H-x86_64-mingw32/bin/make --no-print-directory -C ../ssvep_bsp/
[BSP build complete]
[ssvep build complete]
13:57:38 **** Incremental Build of configuration Nios II for project ssvep ****
make all 
Info: Building ../ssvep_bsp/
C:/intelFPGA_lite/17.1/nios2eds/bin/gnu/H-x86_64-mingw32/bin/make --no-print-directory -C ../ssvep_bsp/
[BSP build complete]
Info: Compiling hello_world.c to obj/default/hello_world.o
nios2-elf-gcc -xc -MP -MMD -c -I../ssvep_bsp//HAL/inc -I../ssvep_bsp/ -I../ssvep_bsp//drivers/inc  -pipe -D__hal__ -DALT_NO_INSTRUCTION_EMULATION -DALT_SINGLE_THREADED    -O0 -g -Wall   -mno-hw-div -mno-hw-mul -mno-hw-mulx -mgpopt=global  -o obj/default/hello_world.o hello_world.c
Info: Linking ssvep.elf
nios2-elf-g++  -T'../ssvep_bsp//linker.x' -msys-crt0='../ssvep_bsp//obj/HAL/src/crt0.o' -msys-lib=hal_bsp -L../ssvep_bsp/   -Wl,-Map=ssvep.map   -O0 -g -Wall   -mno-hw-div -mno-hw-mul -mno-hw-mulx -mgpopt=global  -o ssvep.elf obj/default/hello_world.o -lm -msys-lib=m
nios2-elf-insert ssvep.elf --thread_model hal --cpu_name nios2_qsys_0 --qsys true --simulation_enabled false --stderr_dev jtag_uart_0 --stdin_dev jtag_uart_0 --stdout_dev jtag_uart_0 --sopc_system_name processor --quartus_project_dir "C:/Users/MatiOliva/Desktop" --sopcinfo C:/Users/MatiOliva/Desktop/software/ssvep_bsp/../../processor.sopcinfo
Info: (ssvep.elf) 71 KBytes program size (code + initialized data).
Info:             49 KBytes free for stack + heap.
Info: Creating ssvep.objdump
nios2-elf-objdump --disassemble --syms --all-header --source ssvep.elf >ssvep.objdump
[ssvep build complete]
13:57:55 **** Incremental Build of configuration Nios II for project ssvep ****
make all 
Info: Building ../ssvep_bsp/
C:/intelFPGA_lite/17.1/nios2eds/bin/gnu/H-x86_64-mingw32/bin/make --no-print-directory -C ../ssvep_bsp/
[BSP build complete]
[ssvep build complete]
13:58:09 **** Incremental Build of configuration Nios II for project ssvep ****
make all 
Info: Building ../ssvep_bsp/
C:/intelFPGA_lite/17.1/nios2eds/bin/gnu/H-x86_64-mingw32/bin/make --no-print-directory -C ../ssvep_bsp/
[BSP build complete]
[ssvep build complete]
14:06:26 **** Incremental Build of configuration Nios II for project ssvep ****
make all 
Info: Building ../ssvep_bsp/
C:/intelFPGA_lite/17.1/nios2eds/bin/gnu/H-x86_64-mingw32/bin/make --no-print-directory -C ../ssvep_bsp/
[BSP build complete]
Info: Compiling hello_world.c to obj/default/hello_world.o
nios2-elf-gcc -xc -MP -MMD -c -I../ssvep_bsp//HAL/inc -I../ssvep_bsp/ -I../ssvep_bsp//drivers/inc  -pipe -D__hal__ -DALT_NO_INSTRUCTION_EMULATION -DALT_SINGLE_THREADED    -O0 -g -Wall   -mno-hw-div -mno-hw-mul -mno-hw-mulx -mgpopt=global  -o obj/default/hello_world.o hello_world.c
hello_world.c: In function 'main':
hello_world.c:51:10: warning: format '%lld' expects argument of type 'long long int', but argument 2 has type 'double' [-Wformat=]
   printf("\nAmplitud calculada: %lld\n",amplitud_calculada);
          ^
hello_world.c:51:10: warning: format '%lld' expects argument of type 'long long int', but argument 2 has type 'double' [-Wformat=]
Info: Linking ssvep.elf
nios2-elf-g++  -T'../ssvep_bsp//linker.x' -msys-crt0='../ssvep_bsp//obj/HAL/src/crt0.o' -msys-lib=hal_bsp -L../ssvep_bsp/   -Wl,-Map=ssvep.map   -O0 -g -Wall   -mno-hw-div -mno-hw-mul -mno-hw-mulx -mgpopt=global  -o ssvep.elf obj/default/hello_world.o -lm -msys-lib=m
nios2-elf-insert ssvep.elf --thread_model hal --cpu_name nios2_qsys_0 --qsys true --simulation_enabled false --stderr_dev jtag_uart_0 --stdin_dev jtag_uart_0 --stdout_dev jtag_uart_0 --sopc_system_name processor --quartus_project_dir "C:/Users/MatiOliva/Desktop" --sopcinfo C:/Users/MatiOliva/Desktop/software/ssvep_bsp/../../processor.sopcinfo
Info: (ssvep.elf) 72 KBytes program size (code + initialized data).
Info:             49 KBytes free for stack + heap.
Info: Creating ssvep.objdump
nios2-elf-objdump --disassemble --syms --all-header --source ssvep.elf >ssvep.objdump
[ssvep build complete]
14:06:54 **** Incremental Build of configuration Nios II for project ssvep ****
make all 
Info: Building ../ssvep_bsp/
C:/intelFPGA_lite/17.1/nios2eds/bin/gnu/H-x86_64-mingw32/bin/make --no-print-directory -C ../ssvep_bsp/
[BSP build complete]
[ssvep build complete]
14:08:12 **** Incremental Build of configuration Nios II for project ssvep ****
make all 
Info: Building ../ssvep_bsp/
C:/intelFPGA_lite/17.1/nios2eds/bin/gnu/H-x86_64-mingw32/bin/make --no-print-directory -C ../ssvep_bsp/
[BSP build complete]
Info: Compiling hello_world.c to obj/default/hello_world.o
nios2-elf-gcc -xc -MP -MMD -c -I../ssvep_bsp//HAL/inc -I../ssvep_bsp/ -I../ssvep_bsp//drivers/inc  -pipe -D__hal__ -DALT_NO_INSTRUCTION_EMULATION -DALT_SINGLE_THREADED    -O0 -g -Wall   -mno-hw-div -mno-hw-mul -mno-hw-mulx -mgpopt=global  -o obj/default/hello_world.o hello_world.c
hello_world.c: In function 'main':
hello_world.c:52:4: error: expected ';' before 'printf'
    printf("%d, ",cuad);
    ^
hello_world.c:56:10: warning: format '%lld' expects argument of type 'long long int', but argument 2 has type 'double' [-Wformat=]
   printf("\nAmplitud calculada: %lld\n",amplitud_calculada);
          ^
hello_world.c:56:10: warning: format '%lld' expects argument of type 'long long int', but argument 2 has type 'double' [-Wformat=]
make: *** [obj/default/hello_world.o] Error 1
14:08:20 **** Incremental Build of configuration Nios II for project ssvep ****
make all 
Info: Building ../ssvep_bsp/
C:/intelFPGA_lite/17.1/nios2eds/bin/gnu/H-x86_64-mingw32/bin/make --no-print-directory -C ../ssvep_bsp/
[BSP build complete]
Info: Compiling hello_world.c to obj/default/hello_world.o
nios2-elf-gcc -xc -MP -MMD -c -I../ssvep_bsp//HAL/inc -I../ssvep_bsp/ -I../ssvep_bsp//drivers/inc  -pipe -D__hal__ -DALT_NO_INSTRUCTION_EMULATION -DALT_SINGLE_THREADED    -O0 -g -Wall   -mno-hw-div -mno-hw-mul -mno-hw-mulx -mgpopt=global  -o obj/default/hello_world.o hello_world.c
hello_world.c: In function 'main':
hello_world.c:56:10: warning: format '%lld' expects argument of type 'long long int', but argument 2 has type 'double' [-Wformat=]
   printf("\nAmplitud calculada: %lld\n",amplitud_calculada);
          ^
hello_world.c:56:10: warning: format '%lld' expects argument of type 'long long int', but argument 2 has type 'double' [-Wformat=]
Info: Linking ssvep.elf
nios2-elf-g++  -T'../ssvep_bsp//linker.x' -msys-crt0='../ssvep_bsp//obj/HAL/src/crt0.o' -msys-lib=hal_bsp -L../ssvep_bsp/   -Wl,-Map=ssvep.map   -O0 -g -Wall   -mno-hw-div -mno-hw-mul -mno-hw-mulx -mgpopt=global  -o ssvep.elf obj/default/hello_world.o -lm -msys-lib=m
nios2-elf-insert ssvep.elf --thread_model hal --cpu_name nios2_qsys_0 --qsys true --simulation_enabled false --stderr_dev jtag_uart_0 --stdin_dev jtag_uart_0 --stdout_dev jtag_uart_0 --sopc_system_name processor --quartus_project_dir "C:/Users/MatiOliva/Desktop" --sopcinfo C:/Users/MatiOliva/Desktop/software/ssvep_bsp/../../processor.sopcinfo
Info: (ssvep.elf) 72 KBytes program size (code + initialized data).
Info:             49 KBytes free for stack + heap.
Info: Creating ssvep.objdump
nios2-elf-objdump --disassemble --syms --all-header --source ssvep.elf >ssvep.objdump
[ssvep build complete]
14:08:38 **** Incremental Build of configuration Nios II for project ssvep ****
make all 
Info: Building ../ssvep_bsp/
C:/intelFPGA_lite/17.1/nios2eds/bin/gnu/H-x86_64-mingw32/bin/make --no-print-directory -C ../ssvep_bsp/
[BSP build complete]
Info: Compiling hello_world.c to obj/default/hello_world.o
nios2-elf-gcc -xc -MP -MMD -c -I../ssvep_bsp//HAL/inc -I../ssvep_bsp/ -I../ssvep_bsp//drivers/inc  -pipe -D__hal__ -DALT_NO_INSTRUCTION_EMULATION -DALT_SINGLE_THREADED    -O0 -g -Wall   -mno-hw-div -mno-hw-mul -mno-hw-mulx -mgpopt=global  -o obj/default/hello_world.o hello_world.c
Info: Linking ssvep.elf
nios2-elf-g++  -T'../ssvep_bsp//linker.x' -msys-crt0='../ssvep_bsp//obj/HAL/src/crt0.o' -msys-lib=hal_bsp -L../ssvep_bsp/   -Wl,-Map=ssvep.map   -O0 -g -Wall   -mno-hw-div -mno-hw-mul -mno-hw-mulx -mgpopt=global  -o ssvep.elf obj/default/hello_world.o -lm -msys-lib=m
nios2-elf-insert ssvep.elf --thread_model hal --cpu_name nios2_qsys_0 --qsys true --simulation_enabled false --stderr_dev jtag_uart_0 --stdin_dev jtag_uart_0 --stdout_dev jtag_uart_0 --sopc_system_name processor --quartus_project_dir "C:/Users/MatiOliva/Desktop" --sopcinfo C:/Users/MatiOliva/Desktop/software/ssvep_bsp/../../processor.sopcinfo
Info: (ssvep.elf) 72 KBytes program size (code + initialized data).
Info:             49 KBytes free for stack + heap.
Info: Creating ssvep.objdump
nios2-elf-objdump --disassemble --syms --all-header --source ssvep.elf >ssvep.objdump
[ssvep build complete]
14:10:05 **** Incremental Build of configuration Nios II for project ssvep ****
make all 
Info: Building ../ssvep_bsp/
C:/intelFPGA_lite/17.1/nios2eds/bin/gnu/H-x86_64-mingw32/bin/make --no-print-directory -C ../ssvep_bsp/
[BSP build complete]
Info: Compiling hello_world.c to obj/default/hello_world.o
nios2-elf-gcc -xc -MP -MMD -c -I../ssvep_bsp//HAL/inc -I../ssvep_bsp/ -I../ssvep_bsp//drivers/inc  -pipe -D__hal__ -DALT_NO_INSTRUCTION_EMULATION -DALT_SINGLE_THREADED    -O0 -g -Wall   -mno-hw-div -mno-hw-mul -mno-hw-mulx -mgpopt=global  -o obj/default/hello_world.o hello_world.c
Info: Linking ssvep.elf
nios2-elf-g++  -T'../ssvep_bsp//linker.x' -msys-crt0='../ssvep_bsp//obj/HAL/src/crt0.o' -msys-lib=hal_bsp -L../ssvep_bsp/   -Wl,-Map=ssvep.map   -O0 -g -Wall   -mno-hw-div -mno-hw-mul -mno-hw-mulx -mgpopt=global  -o ssvep.elf obj/default/hello_world.o -lm -msys-lib=m
nios2-elf-insert ssvep.elf --thread_model hal --cpu_name nios2_qsys_0 --qsys true --simulation_enabled false --stderr_dev jtag_uart_0 --stdin_dev jtag_uart_0 --stdout_dev jtag_uart_0 --sopc_system_name processor --quartus_project_dir "C:/Users/MatiOliva/Desktop" --sopcinfo C:/Users/MatiOliva/Desktop/software/ssvep_bsp/../../processor.sopcinfo
Info: (ssvep.elf) 72 KBytes program size (code + initialized data).
Info:             49 KBytes free for stack + heap.
Info: Creating ssvep.objdump
nios2-elf-objdump --disassemble --syms --all-header --source ssvep.elf >ssvep.objdump
[ssvep build complete]
13:05:26 **** Incremental Build of configuration Nios II for project ssvep ****
make all 
Info: Building ../ssvep_bsp/
C:/intelFPGA_lite/17.1/nios2eds/bin/gnu/H-x86_64-mingw32/bin/make --no-print-directory -C ../ssvep_bsp/
[BSP build complete]
[ssvep build complete]
13:06:33 **** Incremental Build of configuration Nios II for project ssvep ****
make all 
Info: Building ../ssvep_bsp/
C:/intelFPGA_lite/17.1/nios2eds/bin/gnu/H-x86_64-mingw32/bin/make --no-print-directory -C ../ssvep_bsp/
[BSP build complete]
Info: Compiling hello_world.c to obj/default/hello_world.o
nios2-elf-gcc -xc -MP -MMD -c -I../ssvep_bsp//HAL/inc -I../ssvep_bsp/ -I../ssvep_bsp//drivers/inc  -pipe -D__hal__ -DALT_NO_INSTRUCTION_EMULATION -DALT_SINGLE_THREADED    -O0 -g -Wall   -mno-hw-div -mno-hw-mul -mno-hw-mulx -mgpopt=global  -o obj/default/hello_world.o hello_world.c
hello_world.c: In function 'main':
hello_world.c:39:12: warning: unused variable 'cuad' [-Wunused-variable]
   int fase,cuad;
            ^
hello_world.c:39:7: warning: unused variable 'fase' [-Wunused-variable]
   int fase,cuad;
       ^
hello_world.c:29:9: warning: unused variable 'fifo_3_ptr' [-Wunused-variable]
   int * fifo_3_ptr = (int*) FIFO_3_BASE;
         ^
hello_world.c:28:9: warning: unused variable 'fifo_2_ptr' [-Wunused-variable]
   int * fifo_2_ptr = (int*) FIFO_2_BASE;
         ^
hello_world.c:27:9: warning: unused variable 'fifo_1_ptr' [-Wunused-variable]
   int * fifo_1_ptr = (int*) FIFO_1_BASE;
         ^
Info: Linking ssvep.elf
nios2-elf-g++  -T'../ssvep_bsp//linker.x' -msys-crt0='../ssvep_bsp//obj/HAL/src/crt0.o' -msys-lib=hal_bsp -L../ssvep_bsp/   -Wl,-Map=ssvep.map   -O0 -g -Wall   -mno-hw-div -mno-hw-mul -mno-hw-mulx -mgpopt=global  -o ssvep.elf obj/default/hello_world.o -lm -msys-lib=m
nios2-elf-insert ssvep.elf --thread_model hal --cpu_name nios2_qsys_0 --qsys true --simulation_enabled false --stderr_dev jtag_uart_0 --stdin_dev jtag_uart_0 --stdout_dev jtag_uart_0 --sopc_system_name processor --quartus_project_dir "C:/Users/MatiOliva/Desktop" --sopcinfo C:/Users/MatiOliva/Desktop/software/ssvep_bsp/../../processor.sopcinfo
Info: (ssvep.elf) 69 KBytes program size (code + initialized data).
Info:             51 KBytes free for stack + heap.
Info: Creating ssvep.objdump
nios2-elf-objdump --disassemble --syms --all-header --source ssvep.elf >ssvep.objdump
[ssvep build complete]
13:06:55 **** Incremental Build of configuration Nios II for project ssvep ****
make all 
Info: Building ../ssvep_bsp/
C:/intelFPGA_lite/17.1/nios2eds/bin/gnu/H-x86_64-mingw32/bin/make --no-print-directory -C ../ssvep_bsp/
[BSP build complete]
[ssvep build complete]
11:43:57 **** Incremental Build of configuration Nios II for project ssvep ****
make all 
Info: Building ../ssvep_bsp/
C:/intelFPGA_lite/17.1/nios2eds/bin/gnu/H-x86_64-mingw32/bin/make --no-print-directory -C ../ssvep_bsp/
Compiling alt_alarm_start.c...
nios2-elf-gcc -xc -MP -MMD -c  -I./HAL/inc -I. -I./drivers/inc -pipe -D__hal__ -DALT_NO_INSTRUCTION_EMULATION -DALT_SINGLE_THREADED    -O0 -g -Wall  -mno-hw-div -mno-hw-mul -mno-hw-mulx -mgpopt=global   -o obj/HAL/src/alt_alarm_start.o HAL/src/alt_alarm_start.c
Compiling alt_busy_sleep.c...
nios2-elf-gcc -xc -MP -MMD -c  -I./HAL/inc -I. -I./drivers/inc -pipe -D__hal__ -DALT_NO_INSTRUCTION_EMULATION -DALT_SINGLE_THREADED    -O0 -g -Wall  -mno-hw-div -mno-hw-mul -mno-hw-mulx -mgpopt=global   -o obj/HAL/src/alt_busy_sleep.o HAL/src/alt_busy_sleep.c
Compiling alt_close.c...
nios2-elf-gcc -xc -MP -MMD -c  -I./HAL/inc -I. -I./drivers/inc -pipe -D__hal__ -DALT_NO_INSTRUCTION_EMULATION -DALT_SINGLE_THREADED    -O0 -g -Wall  -mno-hw-div -mno-hw-mul -mno-hw-mulx -mgpopt=global   -o obj/HAL/src/alt_close.o HAL/src/alt_close.c
Compiling alt_dcache_flush.c...
nios2-elf-gcc -xc -MP -MMD -c  -I./HAL/inc -I. -I./drivers/inc -pipe -D__hal__ -DALT_NO_INSTRUCTION_EMULATION -DALT_SINGLE_THREADED    -O0 -g -Wall  -mno-hw-div -mno-hw-mul -mno-hw-mulx -mgpopt=global   -o obj/HAL/src/alt_dcache_flush.o HAL/src/alt_dcache_flush.c
Compiling alt_dcache_flush_all.c...
nios2-elf-gcc -xc -MP -MMD -c  -I./HAL/inc -I. -I./drivers/inc -pipe -D__hal__ -DALT_NO_INSTRUCTION_EMULATION -DALT_SINGLE_THREADED    -O0 -g -Wall  -mno-hw-div -mno-hw-mul -mno-hw-mulx -mgpopt=global   -o obj/HAL/src/alt_dcache_flush_all.o HAL/src/alt_dcache_flush_all.c
Compiling alt_dcache_flush_no_writeback.c...
nios2-elf-gcc -xc -MP -MMD -c  -I./HAL/inc -I. -I./drivers/inc -pipe -D__hal__ -DALT_NO_INSTRUCTION_EMULATION -DALT_SINGLE_THREADED    -O0 -g -Wall  -mno-hw-div -mno-hw-mul -mno-hw-mulx -mgpopt=global   -o obj/HAL/src/alt_dcache_flush_no_writeback.o HAL/src/alt_dcache_flush_no_writeback.c
Compiling alt_dev.c...
nios2-elf-gcc -xc -MP -MMD -c  -I./HAL/inc -I. -I./drivers/inc -pipe -D__hal__ -DALT_NO_INSTRUCTION_EMULATION -DALT_SINGLE_THREADED    -O0 -g -Wall  -mno-hw-div -mno-hw-mul -mno-hw-mulx -mgpopt=global   -o obj/HAL/src/alt_dev.o HAL/src/alt_dev.c
Compiling alt_dma_rxchan_open.c...
nios2-elf-gcc -xc -MP -MMD -c  -I./HAL/inc -I. -I./drivers/inc -pipe -D__hal__ -DALT_NO_INSTRUCTION_EMULATION -DALT_SINGLE_THREADED    -O0 -g -Wall  -mno-hw-div -mno-hw-mul -mno-hw-mulx -mgpopt=global   -o obj/HAL/src/alt_dma_rxchan_open.o HAL/src/alt_dma_rxchan_open.c
Compiling alt_dma_txchan_open.c...
nios2-elf-gcc -xc -MP -MMD -c  -I./HAL/inc -I. -I./drivers/inc -pipe -D__hal__ -DALT_NO_INSTRUCTION_EMULATION -DALT_SINGLE_THREADED    -O0 -g -Wall  -mno-hw-div -mno-hw-mul -mno-hw-mulx -mgpopt=global   -o obj/HAL/src/alt_dma_txchan_open.o HAL/src/alt_dma_txchan_open.c
Compiling alt_ecc_fatal_exception.c...
nios2-elf-gcc -xc -MP -MMD -c  -I./HAL/inc -I. -I./drivers/inc -pipe -D__hal__ -DALT_NO_INSTRUCTION_EMULATION -DALT_SINGLE_THREADED    -O0 -g -Wall  -mno-hw-div -mno-hw-mul -mno-hw-mulx -mgpopt=global   -o obj/HAL/src/alt_ecc_fatal_exception.o HAL/src/alt_ecc_fatal_exception.c
Compiling alt_exception_entry.S...
nios2-elf-gcc -MP -MMD -c   -O0 -g -Wall  -mno-hw-div -mno-hw-mul -mno-hw-mulx -mgpopt=global    -I./HAL/inc -I. -I./drivers/inc -pipe -D__hal__ -DALT_NO_INSTRUCTION_EMULATION -DALT_SINGLE_THREADED  -Wa,-gdwarf2  -o obj/HAL/src/alt_exception_entry.o HAL/src/alt_exception_entry.S
Compiling alt_exit.c...
nios2-elf-gcc -xc -MP -MMD -c  -I./HAL/inc -I. -I./drivers/inc -pipe -D__hal__ -DALT_NO_INSTRUCTION_EMULATION -DALT_SINGLE_THREADED    -O0 -g -Wall  -mno-hw-div -mno-hw-mul -mno-hw-mulx -mgpopt=global   -o obj/HAL/src/alt_exit.o HAL/src/alt_exit.c
Compiling alt_fcntl.c...
nios2-elf-gcc -xc -MP -MMD -c  -I./HAL/inc -I. -I./drivers/inc -pipe -D__hal__ -DALT_NO_INSTRUCTION_EMULATION -DALT_SINGLE_THREADED    -O0 -g -Wall  -mno-hw-div -mno-hw-mul -mno-hw-mulx -mgpopt=global   -o obj/HAL/src/alt_fcntl.o HAL/src/alt_fcntl.c
Compiling alt_fd_lock.c...
nios2-elf-gcc -xc -MP -MMD -c  -I./HAL/inc -I. -I./drivers/inc -pipe -D__hal__ -DALT_NO_INSTRUCTION_EMULATION -DALT_SINGLE_THREADED    -O0 -g -Wall  -mno-hw-div -mno-hw-mul -mno-hw-mulx -mgpopt=global   -o obj/HAL/src/alt_fd_lock.o HAL/src/alt_fd_lock.c
Compiling alt_fd_unlock.c...
nios2-elf-gcc -xc -MP -MMD -c  -I./HAL/inc -I. -I./drivers/inc -pipe -D__hal__ -DALT_NO_INSTRUCTION_EMULATION -DALT_SINGLE_THREADED    -O0 -g -Wall  -mno-hw-div -mno-hw-mul -mno-hw-mulx -mgpopt=global   -o obj/HAL/src/alt_fd_unlock.o HAL/src/alt_fd_unlock.c
Compiling alt_find_dev.c...
nios2-elf-gcc -xc -MP -MMD -c  -I./HAL/inc -I. -I./drivers/inc -pipe -D__hal__ -DALT_NO_INSTRUCTION_EMULATION -DALT_SINGLE_THREADED    -O0 -g -Wall  -mno-hw-div -mno-hw-mul -mno-hw-mulx -mgpopt=global   -o obj/HAL/src/alt_find_dev.o HAL/src/alt_find_dev.c
Compiling alt_find_file.c...
nios2-elf-gcc -xc -MP -MMD -c  -I./HAL/inc -I. -I./drivers/inc -pipe -D__hal__ -DALT_NO_INSTRUCTION_EMULATION -DALT_SINGLE_THREADED    -O0 -g -Wall  -mno-hw-div -mno-hw-mul -mno-hw-mulx -mgpopt=global   -o obj/HAL/src/alt_find_file.o HAL/src/alt_find_file.c
Compiling alt_flash_dev.c...
nios2-elf-gcc -xc -MP -MMD -c  -I./HAL/inc -I. -I./drivers/inc -pipe -D__hal__ -DALT_NO_INSTRUCTION_EMULATION -DALT_SINGLE_THREADED    -O0 -g -Wall  -mno-hw-div -mno-hw-mul -mno-hw-mulx -mgpopt=global   -o obj/HAL/src/alt_flash_dev.o HAL/src/alt_flash_dev.c
Compiling alt_fs_reg.c...
nios2-elf-gcc -xc -MP -MMD -c  -I./HAL/inc -I. -I./drivers/inc -pipe -D__hal__ -DALT_NO_INSTRUCTION_EMULATION -DALT_SINGLE_THREADED    -O0 -g -Wall  -mno-hw-div -mno-hw-mul -mno-hw-mulx -mgpopt=global   -o obj/HAL/src/alt_fs_reg.o HAL/src/alt_fs_reg.c
Compiling alt_fstat.c...
nios2-elf-gcc -xc -MP -MMD -c  -I./HAL/inc -I. -I./drivers/inc -pipe -D__hal__ -DALT_NO_INSTRUCTION_EMULATION -DALT_SINGLE_THREADED    -O0 -g -Wall  -mno-hw-div -mno-hw-mul -mno-hw-mulx -mgpopt=global   -o obj/HAL/src/alt_fstat.o HAL/src/alt_fstat.c
Compiling alt_get_fd.c...
nios2-elf-gcc -xc -MP -MMD -c  -I./HAL/inc -I. -I./drivers/inc -pipe -D__hal__ -DALT_NO_INSTRUCTION_EMULATION -DALT_SINGLE_THREADED    -O0 -g -Wall  -mno-hw-div -mno-hw-mul -mno-hw-mulx -mgpopt=global   -o obj/HAL/src/alt_get_fd.o HAL/src/alt_get_fd.c
Compiling alt_gmon.c...
nios2-elf-gcc -xc -MP -MMD -c  -I./HAL/inc -I. -I./drivers/inc -pipe -D__hal__ -DALT_NO_INSTRUCTION_EMULATION -DALT_SINGLE_THREADED    -O0 -g -Wall  -mno-hw-div -mno-hw-mul -mno-hw-mulx -mgpopt=global   -o obj/HAL/src/alt_gmon.o HAL/src/alt_gmon.c
Compiling alt_icache_flush.c...
nios2-elf-gcc -xc -MP -MMD -c  -I./HAL/inc -I. -I./drivers/inc -pipe -D__hal__ -DALT_NO_INSTRUCTION_EMULATION -DALT_SINGLE_THREADED    -O0 -g -Wall  -mno-hw-div -mno-hw-mul -mno-hw-mulx -mgpopt=global   -o obj/HAL/src/alt_icache_flush.o HAL/src/alt_icache_flush.c
Compiling alt_icache_flush_all.c...
nios2-elf-gcc -xc -MP -MMD -c  -I./HAL/inc -I. -I./drivers/inc -pipe -D__hal__ -DALT_NO_INSTRUCTION_EMULATION -DALT_SINGLE_THREADED    -O0 -g -Wall  -mno-hw-div -mno-hw-mul -mno-hw-mulx -mgpopt=global   -o obj/HAL/src/alt_icache_flush_all.o HAL/src/alt_icache_flush_all.c
Compiling alt_iic.c...
nios2-elf-gcc -xc -MP -MMD -c  -I./HAL/inc -I. -I./drivers/inc -pipe -D__hal__ -DALT_NO_INSTRUCTION_EMULATION -DALT_SINGLE_THREADED    -O0 -g -Wall  -mno-hw-div -mno-hw-mul -mno-hw-mulx -mgpopt=global   -o obj/HAL/src/alt_iic.o HAL/src/alt_iic.c
Compiling alt_iic_isr_register.c...
nios2-elf-gcc -xc -MP -MMD -c  -I./HAL/inc -I. -I./drivers/inc -pipe -D__hal__ -DALT_NO_INSTRUCTION_EMULATION -DALT_SINGLE_THREADED    -O0 -g -Wall  -mno-hw-div -mno-hw-mul -mno-hw-mulx -mgpopt=global   -o obj/HAL/src/alt_iic_isr_register.o HAL/src/alt_iic_isr_register.c
Compiling alt_instruction_exception_entry.c...
nios2-elf-gcc -xc -MP -MMD -c  -I./HAL/inc -I. -I./drivers/inc -pipe -D__hal__ -DALT_NO_INSTRUCTION_EMULATION -DALT_SINGLE_THREADED    -O0 -g -Wall  -mno-hw-div -mno-hw-mul -mno-hw-mulx -mgpopt=global   -o obj/HAL/src/alt_instruction_exception_entry.o HAL/src/alt_instruction_exception_entry.c
Compiling alt_instruction_exception_register.c...
nios2-elf-gcc -xc -MP -MMD -c  -I./HAL/inc -I. -I./drivers/inc -pipe -D__hal__ -DALT_NO_INSTRUCTION_EMULATION -DALT_SINGLE_THREADED    -O0 -g -Wall  -mno-hw-div -mno-hw-mul -mno-hw-mulx -mgpopt=global   -o obj/HAL/src/alt_instruction_exception_register.o HAL/src/alt_instruction_exception_register.c
Compiling alt_io_redirect.c...
nios2-elf-gcc -xc -MP -MMD -c  -I./HAL/inc -I. -I./drivers/inc -pipe -D__hal__ -DALT_NO_INSTRUCTION_EMULATION -DALT_SINGLE_THREADED    -O0 -g -Wall  -mno-hw-div -mno-hw-mul -mno-hw-mulx -mgpopt=global   -o obj/HAL/src/alt_io_redirect.o HAL/src/alt_io_redirect.c
Compiling alt_ioctl.c...
nios2-elf-gcc -xc -MP -MMD -c  -I./HAL/inc -I. -I./drivers/inc -pipe -D__hal__ -DALT_NO_INSTRUCTION_EMULATION -DALT_SINGLE_THREADED    -O0 -g -Wall  -mno-hw-div -mno-hw-mul -mno-hw-mulx -mgpopt=global   -o obj/HAL/src/alt_ioctl.o HAL/src/alt_ioctl.c
Compiling alt_irq_entry.S...
nios2-elf-gcc -MP -MMD -c   -O0 -g -Wall  -mno-hw-div -mno-hw-mul -mno-hw-mulx -mgpopt=global    -I./HAL/inc -I. -I./drivers/inc -pipe -D__hal__ -DALT_NO_INSTRUCTION_EMULATION -DALT_SINGLE_THREADED  -Wa,-gdwarf2  -o obj/HAL/src/alt_irq_entry.o HAL/src/alt_irq_entry.S
Compiling alt_irq_handler.c...
nios2-elf-gcc -xc -MP -MMD -c  -I./HAL/inc -I. -I./drivers/inc -pipe -D__hal__ -DALT_NO_INSTRUCTION_EMULATION -DALT_SINGLE_THREADED    -O0 -g -Wall  -mno-hw-div -mno-hw-mul -mno-hw-mulx -mgpopt=global   -o obj/HAL/src/alt_irq_handler.o HAL/src/alt_irq_handler.c
Compiling alt_irq_register.c...
nios2-elf-gcc -xc -MP -MMD -c  -I./HAL/inc -I. -I./drivers/inc -pipe -D__hal__ -DALT_NO_INSTRUCTION_EMULATION -DALT_SINGLE_THREADED    -O0 -g -Wall  -mno-hw-div -mno-hw-mul -mno-hw-mulx -mgpopt=global   -o obj/HAL/src/alt_irq_register.o HAL/src/alt_irq_register.c
Compiling alt_irq_vars.c...
nios2-elf-gcc -xc -MP -MMD -c  -I./HAL/inc -I. -I./drivers/inc -pipe -D__hal__ -DALT_NO_INSTRUCTION_EMULATION -DALT_SINGLE_THREADED    -O0 -g -Wall  -mno-hw-div -mno-hw-mul -mno-hw-mulx -mgpopt=global   -o obj/HAL/src/alt_irq_vars.o HAL/src/alt_irq_vars.c
Compiling alt_isatty.c...
nios2-elf-gcc -xc -MP -MMD -c  -I./HAL/inc -I. -I./drivers/inc -pipe -D__hal__ -DALT_NO_INSTRUCTION_EMULATION -DALT_SINGLE_THREADED    -O0 -g -Wall  -mno-hw-div -mno-hw-mul -mno-hw-mulx -mgpopt=global   -o obj/HAL/src/alt_isatty.o HAL/src/alt_isatty.c
Compiling alt_lseek.c...
nios2-elf-gcc -xc -MP -MMD -c  -I./HAL/inc -I. -I./drivers/inc -pipe -D__hal__ -DALT_NO_INSTRUCTION_EMULATION -DALT_SINGLE_THREADED    -O0 -g -Wall  -mno-hw-div -mno-hw-mul -mno-hw-mulx -mgpopt=global   -o obj/HAL/src/alt_lseek.o HAL/src/alt_lseek.c
Compiling alt_main.c...
nios2-elf-gcc -xc -MP -MMD -c  -I./HAL/inc -I. -I./drivers/inc -pipe -D__hal__ -DALT_NO_INSTRUCTION_EMULATION -DALT_SINGLE_THREADED    -O0 -g -Wall  -mno-hw-div -mno-hw-mul -mno-hw-mulx -mgpopt=global   -o obj/HAL/src/alt_main.o HAL/src/alt_main.c
Compiling alt_open.c...
nios2-elf-gcc -xc -MP -MMD -c  -I./HAL/inc -I. -I./drivers/inc -pipe -D__hal__ -DALT_NO_INSTRUCTION_EMULATION -DALT_SINGLE_THREADED    -O0 -g -Wall  -mno-hw-div -mno-hw-mul -mno-hw-mulx -mgpopt=global   -o obj/HAL/src/alt_open.o HAL/src/alt_open.c
Compiling alt_read.c...
nios2-elf-gcc -xc -MP -MMD -c  -I./HAL/inc -I. -I./drivers/inc -pipe -D__hal__ -DALT_NO_INSTRUCTION_EMULATION -DALT_SINGLE_THREADED    -O0 -g -Wall  -mno-hw-div -mno-hw-mul -mno-hw-mulx -mgpopt=global   -o obj/HAL/src/alt_read.o HAL/src/alt_read.c
Compiling alt_release_fd.c...
nios2-elf-gcc -xc -MP -MMD -c  -I./HAL/inc -I. -I./drivers/inc -pipe -D__hal__ -DALT_NO_INSTRUCTION_EMULATION -DALT_SINGLE_THREADED    -O0 -g -Wall  -mno-hw-div -mno-hw-mul -mno-hw-mulx -mgpopt=global   -o obj/HAL/src/alt_release_fd.o HAL/src/alt_release_fd.c
Compiling alt_remap_cached.c...
nios2-elf-gcc -xc -MP -MMD -c  -I./HAL/inc -I. -I./drivers/inc -pipe -D__hal__ -DALT_NO_INSTRUCTION_EMULATION -DALT_SINGLE_THREADED    -O0 -g -Wall  -mno-hw-div -mno-hw-mul -mno-hw-mulx -mgpopt=global   -o obj/HAL/src/alt_remap_cached.o HAL/src/alt_remap_cached.c
Compiling alt_remap_uncached.c...
nios2-elf-gcc -xc -MP -MMD -c  -I./HAL/inc -I. -I./drivers/inc -pipe -D__hal__ -DALT_NO_INSTRUCTION_EMULATION -DALT_SINGLE_THREADED    -O0 -g -Wall  -mno-hw-div -mno-hw-mul -mno-hw-mulx -mgpopt=global   -o obj/HAL/src/alt_remap_uncached.o HAL/src/alt_remap_uncached.c
Compiling alt_sbrk.c...
nios2-elf-gcc -xc -MP -MMD -c  -I./HAL/inc -I. -I./drivers/inc -pipe -D__hal__ -DALT_NO_INSTRUCTION_EMULATION -DALT_SINGLE_THREADED    -O0 -g -Wall  -mno-hw-div -mno-hw-mul -mno-hw-mulx -mgpopt=global   -o obj/HAL/src/alt_sbrk.o HAL/src/alt_sbrk.c
Compiling alt_software_exception.S...
nios2-elf-gcc -MP -MMD -c   -O0 -g -Wall  -mno-hw-div -mno-hw-mul -mno-hw-mulx -mgpopt=global    -I./HAL/inc -I. -I./drivers/inc -pipe -D__hal__ -DALT_NO_INSTRUCTION_EMULATION -DALT_SINGLE_THREADED  -Wa,-gdwarf2  -o obj/HAL/src/alt_software_exception.o HAL/src/alt_software_exception.S
Compiling alt_tick.c...
nios2-elf-gcc -xc -MP -MMD -c  -I./HAL/inc -I. -I./drivers/inc -pipe -D__hal__ -DALT_NO_INSTRUCTION_EMULATION -DALT_SINGLE_THREADED    -O0 -g -Wall  -mno-hw-div -mno-hw-mul -mno-hw-mulx -mgpopt=global   -o obj/HAL/src/alt_tick.o HAL/src/alt_tick.c
Compiling alt_uncached_free.c...
nios2-elf-gcc -xc -MP -MMD -c  -I./HAL/inc -I. -I./drivers/inc -pipe -D__hal__ -DALT_NO_INSTRUCTION_EMULATION -DALT_SINGLE_THREADED    -O0 -g -Wall  -mno-hw-div -mno-hw-mul -mno-hw-mulx -mgpopt=global   -o obj/HAL/src/alt_uncached_free.o HAL/src/alt_uncached_free.c
Compiling alt_uncached_malloc.c...
nios2-elf-gcc -xc -MP -MMD -c  -I./HAL/inc -I. -I./drivers/inc -pipe -D__hal__ -DALT_NO_INSTRUCTION_EMULATION -DALT_SINGLE_THREADED    -O0 -g -Wall  -mno-hw-div -mno-hw-mul -mno-hw-mulx -mgpopt=global   -o obj/HAL/src/alt_uncached_malloc.o HAL/src/alt_uncached_malloc.c
Compiling alt_write.c...
nios2-elf-gcc -xc -MP -MMD -c  -I./HAL/inc -I. -I./drivers/inc -pipe -D__hal__ -DALT_NO_INSTRUCTION_EMULATION -DALT_SINGLE_THREADED    -O0 -g -Wall  -mno-hw-div -mno-hw-mul -mno-hw-mulx -mgpopt=global   -o obj/HAL/src/alt_write.o HAL/src/alt_write.c
Compiling altera_nios2_qsys_irq.c...
nios2-elf-gcc -xc -MP -MMD -c  -I./HAL/inc -I. -I./drivers/inc -pipe -D__hal__ -DALT_NO_INSTRUCTION_EMULATION -DALT_SINGLE_THREADED    -O0 -g -Wall  -mno-hw-div -mno-hw-mul -mno-hw-mulx -mgpopt=global   -o obj/HAL/src/altera_nios2_qsys_irq.o HAL/src/altera_nios2_qsys_irq.c
Compiling crt0.S...
nios2-elf-gcc -MP -MMD -c   -O0 -g -Wall  -mno-hw-div -mno-hw-mul -mno-hw-mulx -mgpopt=global    -I./HAL/inc -I. -I./drivers/inc -pipe -D__hal__ -DALT_NO_INSTRUCTION_EMULATION -DALT_SINGLE_THREADED  -Wa,-gdwarf2  -o obj/HAL/src/crt0.o HAL/src/crt0.S
Compiling alt_sys_init.c...
nios2-elf-gcc -xc -MP -MMD -c  -I./HAL/inc -I. -I./drivers/inc -pipe -D__hal__ -DALT_NO_INSTRUCTION_EMULATION -DALT_SINGLE_THREADED    -O0 -g -Wall  -mno-hw-div -mno-hw-mul -mno-hw-mulx -mgpopt=global   -o obj/alt_sys_init.o alt_sys_init.c
Compiling altera_avalon_jtag_uart_fd.c...
nios2-elf-gcc -xc -MP -MMD -c  -I./HAL/inc -I. -I./drivers/inc -pipe -D__hal__ -DALT_NO_INSTRUCTION_EMULATION -DALT_SINGLE_THREADED    -O0 -g -Wall  -mno-hw-div -mno-hw-mul -mno-hw-mulx -mgpopt=global   -o obj/drivers/src/altera_avalon_jtag_uart_fd.o drivers/src/altera_avalon_jtag_uart_fd.c
Compiling altera_avalon_jtag_uart_init.c...
nios2-elf-gcc -xc -MP -MMD -c  -I./HAL/inc -I. -I./drivers/inc -pipe -D__hal__ -DALT_NO_INSTRUCTION_EMULATION -DALT_SINGLE_THREADED    -O0 -g -Wall  -mno-hw-div -mno-hw-mul -mno-hw-mulx -mgpopt=global   -o obj/drivers/src/altera_avalon_jtag_uart_init.o drivers/src/altera_avalon_jtag_uart_init.c
Compiling altera_avalon_jtag_uart_ioctl.c...
nios2-elf-gcc -xc -MP -MMD -c  -I./HAL/inc -I. -I./drivers/inc -pipe -D__hal__ -DALT_NO_INSTRUCTION_EMULATION -DALT_SINGLE_THREADED    -O0 -g -Wall  -mno-hw-div -mno-hw-mul -mno-hw-mulx -mgpopt=global   -o obj/drivers/src/altera_avalon_jtag_uart_ioctl.o drivers/src/altera_avalon_jtag_uart_ioctl.c
Compiling altera_avalon_jtag_uart_read.c...
nios2-elf-gcc -xc -MP -MMD -c  -I./HAL/inc -I. -I./drivers/inc -pipe -D__hal__ -DALT_NO_INSTRUCTION_EMULATION -DALT_SINGLE_THREADED    -O0 -g -Wall  -mno-hw-div -mno-hw-mul -mno-hw-mulx -mgpopt=global   -o obj/drivers/src/altera_avalon_jtag_uart_read.o drivers/src/altera_avalon_jtag_uart_read.c
Compiling altera_avalon_jtag_uart_write.c...
nios2-elf-gcc -xc -MP -MMD -c  -I./HAL/inc -I. -I./drivers/inc -pipe -D__hal__ -DALT_NO_INSTRUCTION_EMULATION -DALT_SINGLE_THREADED    -O0 -g -Wall  -mno-hw-div -mno-hw-mul -mno-hw-mulx -mgpopt=global   -o obj/drivers/src/altera_avalon_jtag_uart_write.o drivers/src/altera_avalon_jtag_uart_write.c
Creating libhal_bsp.a...
rm -f -f libhal_bsp.a
nios2-elf-ar -src libhal_bsp.a obj/HAL/src/alt_alarm_start.o obj/HAL/src/alt_busy_sleep.o obj/HAL/src/alt_close.o obj/HAL/src/alt_dcache_flush.o obj/HAL/src/alt_dcache_flush_all.o obj/HAL/src/alt_dcache_flush_no_writeback.o obj/HAL/src/alt_dev.o obj/HAL/src/alt_dev_llist_insert.o obj/HAL/src/alt_dma_rxchan_open.o obj/HAL/src/alt_dma_txchan_open.o obj/HAL/src/alt_do_ctors.o obj/HAL/src/alt_do_dtors.o obj/HAL/src/alt_ecc_fatal_entry.o obj/HAL/src/alt_ecc_fatal_exception.o obj/HAL/src/alt_env_lock.o obj/HAL/src/alt_environ.o obj/HAL/src/alt_errno.o obj/HAL/src/alt_exception_entry.o obj/HAL/src/alt_exception_muldiv.o obj/HAL/src/alt_exception_trap.o obj/HAL/src/alt_execve.o obj/HAL/src/alt_exit.o obj/HAL/src/alt_fcntl.o obj/HAL/src/alt_fd_lock.o obj/HAL/src/alt_fd_unlock.o obj/HAL/src/alt_find_dev.o obj/HAL/src/alt_find_file.o obj/HAL/src/alt_flash_dev.o obj/HAL/src/alt_fork.o obj/HAL/src/alt_fs_reg.o obj/HAL/src/alt_fstat.o obj/HAL/src/alt_get_fd.o obj/HAL/src/alt_getchar.o obj/HAL/src/alt_getpid.o obj/HAL/src/alt_gettod.o obj/HAL/src/alt_gmon.o obj/HAL/src/alt_icache_flush.o obj/HAL/src/alt_icache_flush_all.o obj/HAL/src/alt_iic.o obj/HAL/src/alt_iic_isr_register.o obj/HAL/src/alt_instruction_exception_entry.o obj/HAL/src/alt_instruction_exception_register.o obj/HAL/src/alt_io_redirect.o obj/HAL/src/alt_ioctl.o obj/HAL/src/alt_irq_entry.o obj/HAL/src/alt_irq_handler.o obj/HAL/src/alt_irq_register.o obj/HAL/src/alt_irq_vars.o obj/HAL/src/alt_isatty.o obj/HAL/src/alt_kill.o obj/HAL/src/alt_link.o obj/HAL/src/alt_load.o obj/HAL/src/alt_log_macro.o obj/HAL/src/alt_log_printf.o obj/HAL/src/alt_lseek.o obj/HAL/src/alt_main.o obj/HAL/src/alt_malloc_lock.o obj/HAL/src/alt_mcount.o obj/HAL/src/alt_open.o obj/HAL/src/alt_printf.o obj/HAL/src/alt_putchar.o obj/HAL/src/alt_putcharbuf.o obj/HAL/src/alt_putstr.o obj/HAL/src/alt_read.o obj/HAL/src/alt_release_fd.o obj/HAL/src/alt_remap_cached.o obj/HAL/src/alt_remap_uncached.o obj/HAL/src/alt_rename.o obj/HAL/src/alt_sbrk.o obj/HAL/src/alt_settod.o obj/HAL/src/alt_software_exception.o obj/HAL/src/alt_stat.o obj/HAL/src/alt_tick.o obj/HAL/src/alt_times.o obj/HAL/src/alt_uncached_free.o obj/HAL/src/alt_uncached_malloc.o obj/HAL/src/alt_unlink.o obj/HAL/src/alt_usleep.o obj/HAL/src/alt_wait.o obj/HAL/src/alt_write.o obj/HAL/src/altera_nios2_qsys_irq.o obj/HAL/src/crt0.o obj/alt_sys_init.o obj/drivers/src/altera_avalon_fifo_util.o obj/drivers/src/altera_avalon_jtag_uart_fd.o obj/drivers/src/altera_avalon_jtag_uart_init.o obj/drivers/src/altera_avalon_jtag_uart_ioctl.o obj/drivers/src/altera_avalon_jtag_uart_read.o obj/drivers/src/altera_avalon_jtag_uart_write.o
[BSP build complete]
Info: Compiling hello_world.c to obj/default/hello_world.o
nios2-elf-gcc -xc -MP -MMD -c -I../ssvep_bsp//HAL/inc -I../ssvep_bsp/ -I../ssvep_bsp//drivers/inc  -pipe -D__hal__ -DALT_NO_INSTRUCTION_EMULATION -DALT_SINGLE_THREADED    -O0 -g -Wall   -mno-hw-div -mno-hw-mul -mno-hw-mulx -mgpopt=global  -o obj/default/hello_world.o hello_world.c
hello_world.c: In function 'main':
hello_world.c:27:31: warning: pointer targets in initialization differ in signedness [-Wpointer-sign]
   unsigned int * fifo_1_ptr = (int*) FIFO_1_BASE;
                               ^
hello_world.c:28:31: warning: pointer targets in initialization differ in signedness [-Wpointer-sign]
   unsigned int * fifo_2_ptr = (int*) FIFO_2_BASE;
                               ^
hello_world.c:29:31: warning: pointer targets in initialization differ in signedness [-Wpointer-sign]
   unsigned int * fifo_3_ptr = (int*) FIFO_3_BASE;
                               ^
hello_world.c:30:31: warning: pointer targets in initialization differ in signedness [-Wpointer-sign]
   unsigned int * fifo_4_ptr = (int*) FIFO_4_BASE;
                               ^
hello_world.c:45:21: warning: implicit declaration of function 'leer_fifo_64_bit' [-Wimplicit-function-declaration]
   resultados_fase = leer_fifo_64_bit(fifo_1_ptr,fifo_2_ptr,1024);
                     ^
hello_world.c:45:19: warning: assignment makes pointer from integer without a cast [-Wint-conversion]
   resultados_fase = leer_fifo_64_bit(fifo_1_ptr,fifo_2_ptr,1024);
                   ^
hello_world.c:46:19: warning: assignment makes pointer from integer without a cast [-Wint-conversion]
   resultados_cuad = leer_fifo_64_bit(fifo_3_ptr,fifo_4_ptr,1024);
                   ^
hello_world.c: At top level:
hello_world.c:59:12: error: conflicting types for 'leer_fifo_64_bit'
 long long* leer_fifo_64_bit(unsigned int* fifo_down_addr,unsigned int* fifo_up_addr,int N)
            ^
hello_world.c:45:21: note: previous implicit declaration of 'leer_fifo_64_bit' was here
   resultados_fase = leer_fifo_64_bit(fifo_1_ptr,fifo_2_ptr,1024);
                     ^
hello_world.c: In function 'leer_fifo_64_bit':
hello_world.c:63:19: error: storage size of 'resultados' isn't constant
  static long long resultados [N] ;
                   ^
hello_world.c:63:19: warning: unused variable 'resultados' [-Wunused-variable]
hello_world.c:71:1: warning: control reaches end of non-void function [-Wreturn-type]
 }
 ^
make: *** [obj/default/hello_world.o] Error 1
11:45:45 **** Incremental Build of configuration Nios II for project ssvep ****
make all 
Info: Building ../ssvep_bsp/
C:/intelFPGA_lite/17.1/nios2eds/bin/gnu/H-x86_64-mingw32/bin/make --no-print-directory -C ../ssvep_bsp/
[BSP build complete]
Info: Compiling hello_world.c to obj/default/hello_world.o
nios2-elf-gcc -xc -MP -MMD -c -I../ssvep_bsp//HAL/inc -I../ssvep_bsp/ -I../ssvep_bsp//drivers/inc  -pipe -D__hal__ -DALT_NO_INSTRUCTION_EMULATION -DALT_SINGLE_THREADED    -O0 -g -Wall   -mno-hw-div -mno-hw-mul -mno-hw-mulx -mgpopt=global  -o obj/default/hello_world.o hello_world.c
hello_world.c: In function 'main':
hello_world.c:28:31: warning: pointer targets in initialization differ in signedness [-Wpointer-sign]
   unsigned int * fifo_1_ptr = (int*) FIFO_1_BASE;
                               ^
hello_world.c:29:31: warning: pointer targets in initialization differ in signedness [-Wpointer-sign]
   unsigned int * fifo_2_ptr = (int*) FIFO_2_BASE;
                               ^
hello_world.c:30:31: warning: pointer targets in initialization differ in signedness [-Wpointer-sign]
   unsigned int * fifo_3_ptr = (int*) FIFO_3_BASE;
                               ^
hello_world.c:31:31: warning: pointer targets in initialization differ in signedness [-Wpointer-sign]
   unsigned int * fifo_4_ptr = (int*) FIFO_4_BASE;
                               ^
hello_world.c:55:12: warning: format '%d' expects argument of type 'int', but argument 2 has type 'long long int' [-Wformat=]
     printf("%d, ",*(resultados_fase+i));
            ^
hello_world.c:55:12: warning: format '%d' expects argument of type 'int', but argument 2 has type 'long long int' [-Wformat=]
hello_world.c:61:12: warning: format '%d' expects argument of type 'int', but argument 2 has type 'long long int' [-Wformat=]
     printf("%d, ",*(resultados_cuad+i));
            ^
hello_world.c:61:12: warning: format '%d' expects argument of type 'int', but argument 2 has type 'long long int' [-Wformat=]
hello_world.c: In function 'leer_fifo_64_bit':
hello_world.c:83:9: warning: function returns address of local variable [-Wreturn-local-addr]
  return resultados;
         ^
Info: Linking ssvep.elf
nios2-elf-g++  -T'../ssvep_bsp//linker.x' -msys-crt0='../ssvep_bsp//obj/HAL/src/crt0.o' -msys-lib=hal_bsp -L../ssvep_bsp/   -Wl,-Map=ssvep.map   -O0 -g -Wall   -mno-hw-div -mno-hw-mul -mno-hw-mulx -mgpopt=global  -o ssvep.elf obj/default/hello_world.o -lm -msys-lib=m
nios2-elf-insert ssvep.elf --thread_model hal --cpu_name nios2_qsys_0 --qsys true --simulation_enabled false --stderr_dev jtag_uart_0 --stdin_dev jtag_uart_0 --stdout_dev jtag_uart_0 --sopc_system_name processor --quartus_project_dir "C:/Users/MatiOliva/Desktop" --sopcinfo C:/Users/MatiOliva/Desktop/software/ssvep_bsp/../../processor.sopcinfo
Info: (ssvep.elf) 73 KBytes program size (code + initialized data).
Info:             48 KBytes free for stack + heap.
Info: Creating ssvep.objdump
nios2-elf-objdump --disassemble --syms --all-header --source ssvep.elf >ssvep.objdump
[ssvep build complete]
11:45:50 **** Build of configuration Nios II for project ssvep_bsp ****
make all 
[BSP build complete]
11:46:09 **** Incremental Build of configuration Nios II for project ssvep ****
make all 
Info: Building ../ssvep_bsp/
C:/intelFPGA_lite/17.1/nios2eds/bin/gnu/H-x86_64-mingw32/bin/make --no-print-directory -C ../ssvep_bsp/
[BSP build complete]
[ssvep build complete]
11:46:10 **** Incremental Build of configuration Nios II for project ssvep_bsp ****
make all 
[BSP build complete]
11:46:26 **** Incremental Build of configuration Nios II for project ssvep ****
make all 
Info: Building ../ssvep_bsp/
C:/intelFPGA_lite/17.1/nios2eds/bin/gnu/H-x86_64-mingw32/bin/make --no-print-directory -C ../ssvep_bsp/
[BSP build complete]
Info: Compiling hello_world.c to obj/default/hello_world.o
nios2-elf-gcc -xc -MP -MMD -c -I../ssvep_bsp//HAL/inc -I../ssvep_bsp/ -I../ssvep_bsp//drivers/inc  -pipe -D__hal__ -DALT_NO_INSTRUCTION_EMULATION -DALT_SINGLE_THREADED    -O0 -g -Wall   -mno-hw-div -mno-hw-mul -mno-hw-mulx -mgpopt=global  -o obj/default/hello_world.o hello_world.c
hello_world.c: In function 'main':
hello_world.c:28:31: warning: pointer targets in initialization differ in signedness [-Wpointer-sign]
   unsigned int * fifo_1_ptr = (int*) FIFO_1_BASE;
                               ^
hello_world.c:29:31: warning: pointer targets in initialization differ in signedness [-Wpointer-sign]
   unsigned int * fifo_2_ptr = (int*) FIFO_2_BASE;
                               ^
hello_world.c:30:31: warning: pointer targets in initialization differ in signedness [-Wpointer-sign]
   unsigned int * fifo_3_ptr = (int*) FIFO_3_BASE;
                               ^
hello_world.c:31:31: warning: pointer targets in initialization differ in signedness [-Wpointer-sign]
   unsigned int * fifo_4_ptr = (int*) FIFO_4_BASE;
                               ^
hello_world.c: In function 'leer_fifo_64_bit':
hello_world.c:83:9: warning: function returns address of local variable [-Wreturn-local-addr]
  return resultados;
         ^
Info: Linking ssvep.elf
nios2-elf-g++  -T'../ssvep_bsp//linker.x' -msys-crt0='../ssvep_bsp//obj/HAL/src/crt0.o' -msys-lib=hal_bsp -L../ssvep_bsp/   -Wl,-Map=ssvep.map   -O0 -g -Wall   -mno-hw-div -mno-hw-mul -mno-hw-mulx -mgpopt=global  -o ssvep.elf obj/default/hello_world.o -lm -msys-lib=m
nios2-elf-insert ssvep.elf --thread_model hal --cpu_name nios2_qsys_0 --qsys true --simulation_enabled false --stderr_dev jtag_uart_0 --stdin_dev jtag_uart_0 --stdout_dev jtag_uart_0 --sopc_system_name processor --quartus_project_dir "C:/Users/MatiOliva/Desktop" --sopcinfo C:/Users/MatiOliva/Desktop/software/ssvep_bsp/../../processor.sopcinfo
Info: (ssvep.elf) 73 KBytes program size (code + initialized data).
Info:             48 KBytes free for stack + heap.
Info: Creating ssvep.objdump
nios2-elf-objdump --disassemble --syms --all-header --source ssvep.elf >ssvep.objdump
[ssvep build complete]
11:46:45 **** Incremental Build of configuration Nios II for project ssvep ****
make all 
Info: Building ../ssvep_bsp/
C:/intelFPGA_lite/17.1/nios2eds/bin/gnu/H-x86_64-mingw32/bin/make --no-print-directory -C ../ssvep_bsp/
[BSP build complete]
[ssvep build complete]
12:18:16 **** Incremental Build of configuration Nios II for project ssvep ****
make all 
Info: Building ../ssvep_bsp/
C:/intelFPGA_lite/17.1/nios2eds/bin/gnu/H-x86_64-mingw32/bin/make --no-print-directory -C ../ssvep_bsp/
[BSP build complete]
Info: Compiling hello_world.c to obj/default/hello_world.o
nios2-elf-gcc -xc -MP -MMD -c -I../ssvep_bsp//HAL/inc -I../ssvep_bsp/ -I../ssvep_bsp//drivers/inc  -pipe -D__hal__ -DALT_NO_INSTRUCTION_EMULATION -DALT_SINGLE_THREADED    -O0 -g -Wall   -mno-hw-div -mno-hw-mul -mno-hw-mulx -mgpopt=global  -o obj/default/hello_world.o hello_world.c
hello_world.c: In function 'main':
hello_world.c:28:31: warning: pointer targets in initialization differ in signedness [-Wpointer-sign]
   unsigned int * fifo_1_ptr = (int*) FIFO_1_BASE;
                               ^
hello_world.c:29:31: warning: pointer targets in initialization differ in signedness [-Wpointer-sign]
   unsigned int * fifo_2_ptr = (int*) FIFO_2_BASE;
                               ^
hello_world.c:30:31: warning: pointer targets in initialization differ in signedness [-Wpointer-sign]
   unsigned int * fifo_3_ptr = (int*) FIFO_3_BASE;
                               ^
hello_world.c:31:31: warning: pointer targets in initialization differ in signedness [-Wpointer-sign]
   unsigned int * fifo_4_ptr = (int*) FIFO_4_BASE;
                               ^
hello_world.c: In function 'leer_fifo_64_bit':
hello_world.c:83:9: warning: function returns address of local variable [-Wreturn-local-addr]
  return resultados;
         ^
Info: Linking ssvep.elf
nios2-elf-g++  -T'../ssvep_bsp//linker.x' -msys-crt0='../ssvep_bsp//obj/HAL/src/crt0.o' -msys-lib=hal_bsp -L../ssvep_bsp/   -Wl,-Map=ssvep.map   -O0 -g -Wall   -mno-hw-div -mno-hw-mul -mno-hw-mulx -mgpopt=global  -o ssvep.elf obj/default/hello_world.o -lm -msys-lib=m
nios2-elf-insert ssvep.elf --thread_model hal --cpu_name nios2_qsys_0 --qsys true --simulation_enabled false --stderr_dev jtag_uart_0 --stdin_dev jtag_uart_0 --stdout_dev jtag_uart_0 --sopc_system_name processor --quartus_project_dir "C:/Users/MatiOliva/Desktop" --sopcinfo C:/Users/MatiOliva/Desktop/software/ssvep_bsp/../../processor.sopcinfo
Info: (ssvep.elf) 73 KBytes program size (code + initialized data).
Info:             48 KBytes free for stack + heap.
Info: Creating ssvep.objdump
nios2-elf-objdump --disassemble --syms --all-header --source ssvep.elf >ssvep.objdump
[ssvep build complete]
12:23:08 **** Incremental Build of configuration Nios II for project ssvep ****
make all 
Info: Building ../ssvep_bsp/
C:/intelFPGA_lite/17.1/nios2eds/bin/gnu/H-x86_64-mingw32/bin/make --no-print-directory -C ../ssvep_bsp/
[BSP build complete]
[ssvep build complete]
12:24:31 **** Incremental Build of configuration Nios II for project ssvep ****
make all 
Info: Building ../ssvep_bsp/
C:/intelFPGA_lite/17.1/nios2eds/bin/gnu/H-x86_64-mingw32/bin/make --no-print-directory -C ../ssvep_bsp/
[BSP build complete]
Info: Compiling hello_world.c to obj/default/hello_world.o
nios2-elf-gcc -xc -MP -MMD -c -I../ssvep_bsp//HAL/inc -I../ssvep_bsp/ -I../ssvep_bsp//drivers/inc  -pipe -D__hal__ -DALT_NO_INSTRUCTION_EMULATION -DALT_SINGLE_THREADED    -O0 -g -Wall   -mno-hw-div -mno-hw-mul -mno-hw-mulx -mgpopt=global  -o obj/default/hello_world.o hello_world.c
hello_world.c: In function 'main':
hello_world.c:28:31: warning: pointer targets in initialization differ in signedness [-Wpointer-sign]
   unsigned int * fifo_1_ptr = (int*) FIFO_1_BASE;
                               ^
hello_world.c:29:31: warning: pointer targets in initialization differ in signedness [-Wpointer-sign]
   unsigned int * fifo_2_ptr = (int*) FIFO_2_BASE;
                               ^
hello_world.c:30:31: warning: pointer targets in initialization differ in signedness [-Wpointer-sign]
   unsigned int * fifo_3_ptr = (int*) FIFO_3_BASE;
                               ^
hello_world.c:31:31: warning: pointer targets in initialization differ in signedness [-Wpointer-sign]
   unsigned int * fifo_4_ptr = (int*) FIFO_4_BASE;
                               ^
hello_world.c: In function 'leer_fifo_64_bit':
hello_world.c:84:9: warning: function returns address of local variable [-Wreturn-local-addr]
  return resultados;
         ^
hello_world.c: In function 'main':
hello_world.c:49:8: warning: 'resultados_cuad' is used uninitialized in this function [-Wuninitialized]
   cuad = *(resultados_cuad+1023);
        ^
Info: Linking ssvep.elf
nios2-elf-g++  -T'../ssvep_bsp//linker.x' -msys-crt0='../ssvep_bsp//obj/HAL/src/crt0.o' -msys-lib=hal_bsp -L../ssvep_bsp/   -Wl,-Map=ssvep.map   -O0 -g -Wall   -mno-hw-div -mno-hw-mul -mno-hw-mulx -mgpopt=global  -o ssvep.elf obj/default/hello_world.o -lm -msys-lib=m
nios2-elf-insert ssvep.elf --thread_model hal --cpu_name nios2_qsys_0 --qsys true --simulation_enabled false --stderr_dev jtag_uart_0 --stdin_dev jtag_uart_0 --stdout_dev jtag_uart_0 --sopc_system_name processor --quartus_project_dir "C:/Users/MatiOliva/Desktop" --sopcinfo C:/Users/MatiOliva/Desktop/software/ssvep_bsp/../../processor.sopcinfo
Info: (ssvep.elf) 73 KBytes program size (code + initialized data).
Info:             48 KBytes free for stack + heap.
Info: Creating ssvep.objdump
nios2-elf-objdump --disassemble --syms --all-header --source ssvep.elf >ssvep.objdump
[ssvep build complete]
12:29:14 **** Incremental Build of configuration Nios II for project ssvep ****
make all 
Info: Building ../ssvep_bsp/
C:/intelFPGA_lite/17.1/nios2eds/bin/gnu/H-x86_64-mingw32/bin/make --no-print-directory -C ../ssvep_bsp/
[BSP build complete]
Info: Compiling hello_world.c to obj/default/hello_world.o
nios2-elf-gcc -xc -MP -MMD -c -I../ssvep_bsp//HAL/inc -I../ssvep_bsp/ -I../ssvep_bsp//drivers/inc  -pipe -D__hal__ -DALT_NO_INSTRUCTION_EMULATION -DALT_SINGLE_THREADED    -O0 -g -Wall   -mno-hw-div -mno-hw-mul -mno-hw-mulx -mgpopt=global  -o obj/default/hello_world.o hello_world.c
hello_world.c: In function 'main':
hello_world.c:28:31: warning: pointer targets in initialization differ in signedness [-Wpointer-sign]
   unsigned int * fifo_1_ptr = (int*) FIFO_1_BASE;
                               ^
hello_world.c:29:31: warning: pointer targets in initialization differ in signedness [-Wpointer-sign]
   unsigned int * fifo_2_ptr = (int*) FIFO_2_BASE;
                               ^
hello_world.c:30:31: warning: pointer targets in initialization differ in signedness [-Wpointer-sign]
   unsigned int * fifo_3_ptr = (int*) FIFO_3_BASE;
                               ^
hello_world.c:31:31: warning: pointer targets in initialization differ in signedness [-Wpointer-sign]
   unsigned int * fifo_4_ptr = (int*) FIFO_4_BASE;
                               ^
hello_world.c: In function 'leer_fifo_64_bit':
hello_world.c:86:9: warning: function returns address of local variable [-Wreturn-local-addr]
  return resultados;
         ^
Info: Linking ssvep.elf
nios2-elf-g++  -T'../ssvep_bsp//linker.x' -msys-crt0='../ssvep_bsp//obj/HAL/src/crt0.o' -msys-lib=hal_bsp -L../ssvep_bsp/   -Wl,-Map=ssvep.map   -O0 -g -Wall   -mno-hw-div -mno-hw-mul -mno-hw-mulx -mgpopt=global  -o ssvep.elf obj/default/hello_world.o -lm -msys-lib=m
nios2-elf-insert ssvep.elf --thread_model hal --cpu_name nios2_qsys_0 --qsys true --simulation_enabled false --stderr_dev jtag_uart_0 --stdin_dev jtag_uart_0 --stdout_dev jtag_uart_0 --sopc_system_name processor --quartus_project_dir "C:/Users/MatiOliva/Desktop" --sopcinfo C:/Users/MatiOliva/Desktop/software/ssvep_bsp/../../processor.sopcinfo
Info: (ssvep.elf) 73 KBytes program size (code + initialized data).
Info:             48 KBytes free for stack + heap.
Info: Creating ssvep.objdump
nios2-elf-objdump --disassemble --syms --all-header --source ssvep.elf >ssvep.objdump
[ssvep build complete]
14:24:29 **** Incremental Build of configuration Nios II for project ssvep ****
make all 
Info: Building ../ssvep_bsp/
C:/intelFPGA_lite/17.1/nios2eds/bin/gnu/H-x86_64-mingw32/bin/make --no-print-directory -C ../ssvep_bsp/
[BSP build complete]
[ssvep build complete]
14:31:01 **** Incremental Build of configuration Nios II for project ssvep ****
make all 
Info: Building ../ssvep_bsp/
C:/intelFPGA_lite/17.1/nios2eds/bin/gnu/H-x86_64-mingw32/bin/make --no-print-directory -C ../ssvep_bsp/
[BSP build complete]
Info: Compiling hello_world.c to obj/default/hello_world.o
nios2-elf-gcc -xc -MP -MMD -c -I../ssvep_bsp//HAL/inc -I../ssvep_bsp/ -I../ssvep_bsp//drivers/inc  -pipe -D__hal__ -DALT_NO_INSTRUCTION_EMULATION -DALT_SINGLE_THREADED    -O0 -g -Wall   -mno-hw-div -mno-hw-mul -mno-hw-mulx -mgpopt=global  -o obj/default/hello_world.o hello_world.c
hello_world.c: In function 'main':
hello_world.c:32:31: warning: pointer targets in initialization differ in signedness [-Wpointer-sign]
   unsigned int * fifo_1_ptr = (int*) FIFO_1_BASE;
                               ^
hello_world.c:33:31: warning: pointer targets in initialization differ in signedness [-Wpointer-sign]
   unsigned int * fifo_2_ptr = (int*) FIFO_2_BASE;
                               ^
hello_world.c:34:31: warning: pointer targets in initialization differ in signedness [-Wpointer-sign]
   unsigned int * fifo_3_ptr = (int*) FIFO_3_BASE;
                               ^
hello_world.c:35:31: warning: pointer targets in initialization differ in signedness [-Wpointer-sign]
   unsigned int * fifo_4_ptr = (int*) FIFO_4_BASE;
                               ^
hello_world.c:52:4: error: expected ';' before 'printf'
    printf("%d, ",resultado_fase);
    ^
hello_world.c:59:6: error: expected ';' before 'printf'
      printf("%d, ",resultado_cuad);
      ^
hello_world.c:35:18: warning: unused variable 'fifo_4_ptr' [-Wunused-variable]
   unsigned int * fifo_4_ptr = (int*) FIFO_4_BASE;
                  ^
hello_world.c:34:18: warning: unused variable 'fifo_3_ptr' [-Wunused-variable]
   unsigned int * fifo_3_ptr = (int*) FIFO_3_BASE;
                  ^
hello_world.c: In function 'leer_fifo_64_bit':
hello_world.c:81:9: warning: function returns address of local variable [-Wreturn-local-addr]
  return resultados;
         ^
make: *** [obj/default/hello_world.o] Error 1
14:31:24 **** Incremental Build of configuration Nios II for project ssvep ****
make all 
Info: Building ../ssvep_bsp/
C:/intelFPGA_lite/17.1/nios2eds/bin/gnu/H-x86_64-mingw32/bin/make --no-print-directory -C ../ssvep_bsp/
[BSP build complete]
Info: Compiling hello_world.c to obj/default/hello_world.o
nios2-elf-gcc -xc -MP -MMD -c -I../ssvep_bsp//HAL/inc -I../ssvep_bsp/ -I../ssvep_bsp//drivers/inc  -pipe -D__hal__ -DALT_NO_INSTRUCTION_EMULATION -DALT_SINGLE_THREADED    -O0 -g -Wall   -mno-hw-div -mno-hw-mul -mno-hw-mulx -mgpopt=global  -o obj/default/hello_world.o hello_world.c
hello_world.c: In function 'main':
hello_world.c:35:9: warning: unused variable 'fifo_4_ptr' [-Wunused-variable]
   int * fifo_4_ptr = (int*) FIFO_4_BASE;
         ^
hello_world.c:34:9: warning: unused variable 'fifo_3_ptr' [-Wunused-variable]
   int * fifo_3_ptr = (int*) FIFO_3_BASE;
         ^
hello_world.c: In function 'leer_fifo_64_bit':
hello_world.c:81:9: warning: function returns address of local variable [-Wreturn-local-addr]
  return resultados;
         ^
Info: Linking ssvep.elf
nios2-elf-g++  -T'../ssvep_bsp//linker.x' -msys-crt0='../ssvep_bsp//obj/HAL/src/crt0.o' -msys-lib=hal_bsp -L../ssvep_bsp/   -Wl,-Map=ssvep.map   -O0 -g -Wall   -mno-hw-div -mno-hw-mul -mno-hw-mulx -mgpopt=global  -o ssvep.elf obj/default/hello_world.o -lm -msys-lib=m
nios2-elf-insert ssvep.elf --thread_model hal --cpu_name nios2_qsys_0 --qsys true --simulation_enabled false --stderr_dev jtag_uart_0 --stdin_dev jtag_uart_0 --stdout_dev jtag_uart_0 --sopc_system_name processor --quartus_project_dir "C:/Users/MatiOliva/Desktop" --sopcinfo C:/Users/MatiOliva/Desktop/software/ssvep_bsp/../../processor.sopcinfo
Info: (ssvep.elf) 72 KBytes program size (code + initialized data).
Info:             48 KBytes free for stack + heap.
Info: Creating ssvep.objdump
nios2-elf-objdump --disassemble --syms --all-header --source ssvep.elf >ssvep.objdump
[ssvep build complete]
14:31:29 **** Build of configuration Nios II for project ssvep_bsp ****
make all 
[BSP build complete]
14:31:30 **** Incremental Build of configuration Nios II for project ssvep ****
make all 
Info: Building ../ssvep_bsp/
C:/intelFPGA_lite/17.1/nios2eds/bin/gnu/H-x86_64-mingw32/bin/make --no-print-directory -C ../ssvep_bsp/
[BSP build complete]
[ssvep build complete]
14:32:10 **** Incremental Build of configuration Nios II for project ssvep ****
make all 
Info: Building ../ssvep_bsp/
C:/intelFPGA_lite/17.1/nios2eds/bin/gnu/H-x86_64-mingw32/bin/make --no-print-directory -C ../ssvep_bsp/
[BSP build complete]
[ssvep build complete]
14:32:32 **** Incremental Build of configuration Nios II for project ssvep ****
make all 
Info: Building ../ssvep_bsp/
C:/intelFPGA_lite/17.1/nios2eds/bin/gnu/H-x86_64-mingw32/bin/make --no-print-directory -C ../ssvep_bsp/
[BSP build complete]
[ssvep build complete]
14:53:16 **** Incremental Build of configuration Nios II for project ssvep ****
make all 
Info: Building ../ssvep_bsp/
C:/intelFPGA_lite/17.1/nios2eds/bin/gnu/H-x86_64-mingw32/bin/make --no-print-directory -C ../ssvep_bsp/
[BSP build complete]
[ssvep build complete]
14:56:54 **** Incremental Build of configuration Nios II for project ssvep ****
make all 
Info: Building ../ssvep_bsp/
C:/intelFPGA_lite/17.1/nios2eds/bin/gnu/H-x86_64-mingw32/bin/make --no-print-directory -C ../ssvep_bsp/
[BSP build complete]
Info: Compiling hello_world.c to obj/default/hello_world.o
nios2-elf-gcc -xc -MP -MMD -c -I../ssvep_bsp//HAL/inc -I../ssvep_bsp/ -I../ssvep_bsp//drivers/inc  -pipe -D__hal__ -DALT_NO_INSTRUCTION_EMULATION -DALT_SINGLE_THREADED    -O0 -g -Wall   -mno-hw-div -mno-hw-mul -mno-hw-mulx -mgpopt=global  -o obj/default/hello_world.o hello_world.c
hello_world.c: In function 'main':
hello_world.c:34:9: warning: unused variable 'fifo_3_ptr' [-Wunused-variable]
   int * fifo_3_ptr = (int*) FIFO_3_BASE;
         ^
hello_world.c: In function 'leer_fifo_64_bit':
hello_world.c:88:9: warning: function returns address of local variable [-Wreturn-local-addr]
  return resultados;
         ^
Info: Linking ssvep.elf
nios2-elf-g++  -T'../ssvep_bsp//linker.x' -msys-crt0='../ssvep_bsp//obj/HAL/src/crt0.o' -msys-lib=hal_bsp -L../ssvep_bsp/   -Wl,-Map=ssvep.map   -O0 -g -Wall   -mno-hw-div -mno-hw-mul -mno-hw-mulx -mgpopt=global  -o ssvep.elf obj/default/hello_world.o -lm -msys-lib=m
nios2-elf-insert ssvep.elf --thread_model hal --cpu_name nios2_qsys_0 --qsys true --simulation_enabled false --stderr_dev jtag_uart_0 --stdin_dev jtag_uart_0 --stdout_dev jtag_uart_0 --sopc_system_name processor --quartus_project_dir "C:/Users/MatiOliva/Desktop" --sopcinfo C:/Users/MatiOliva/Desktop/software/ssvep_bsp/../../processor.sopcinfo
Info: (ssvep.elf) 72 KBytes program size (code + initialized data).
Info:             48 KBytes free for stack + heap.
Info: Creating ssvep.objdump
nios2-elf-objdump --disassemble --syms --all-header --source ssvep.elf >ssvep.objdump
[ssvep build complete]
14:57:30 **** Incremental Build of configuration Nios II for project ssvep ****
make all 
Info: Building ../ssvep_bsp/
C:/intelFPGA_lite/17.1/nios2eds/bin/gnu/H-x86_64-mingw32/bin/make --no-print-directory -C ../ssvep_bsp/
[BSP build complete]
Info: Compiling hello_world.c to obj/default/hello_world.o
nios2-elf-gcc -xc -MP -MMD -c -I../ssvep_bsp//HAL/inc -I../ssvep_bsp/ -I../ssvep_bsp//drivers/inc  -pipe -D__hal__ -DALT_NO_INSTRUCTION_EMULATION -DALT_SINGLE_THREADED    -O0 -g -Wall   -mno-hw-div -mno-hw-mul -mno-hw-mulx -mgpopt=global  -o obj/default/hello_world.o hello_world.c
hello_world.c: In function 'main':
hello_world.c:35:9: warning: unused variable 'fifo_4_ptr' [-Wunused-variable]
   int * fifo_4_ptr = (int*) FIFO_4_BASE;
         ^
hello_world.c: In function 'leer_fifo_64_bit':
hello_world.c:88:9: warning: function returns address of local variable [-Wreturn-local-addr]
  return resultados;
         ^
Info: Linking ssvep.elf
nios2-elf-g++  -T'../ssvep_bsp//linker.x' -msys-crt0='../ssvep_bsp//obj/HAL/src/crt0.o' -msys-lib=hal_bsp -L../ssvep_bsp/   -Wl,-Map=ssvep.map   -O0 -g -Wall   -mno-hw-div -mno-hw-mul -mno-hw-mulx -mgpopt=global  -o ssvep.elf obj/default/hello_world.o -lm -msys-lib=m
nios2-elf-insert ssvep.elf --thread_model hal --cpu_name nios2_qsys_0 --qsys true --simulation_enabled false --stderr_dev jtag_uart_0 --stdin_dev jtag_uart_0 --stdout_dev jtag_uart_0 --sopc_system_name processor --quartus_project_dir "C:/Users/MatiOliva/Desktop" --sopcinfo C:/Users/MatiOliva/Desktop/software/ssvep_bsp/../../processor.sopcinfo
Info: (ssvep.elf) 72 KBytes program size (code + initialized data).
Info:             48 KBytes free for stack + heap.
Info: Creating ssvep.objdump
nios2-elf-objdump --disassemble --syms --all-header --source ssvep.elf >ssvep.objdump
[ssvep build complete]
15:06:40 **** Incremental Build of configuration Nios II for project ssvep ****
make all 
Info: Building ../ssvep_bsp/
C:/intelFPGA_lite/17.1/nios2eds/bin/gnu/H-x86_64-mingw32/bin/make --no-print-directory -C ../ssvep_bsp/
[BSP build complete]
Info: Compiling hello_world.c to obj/default/hello_world.o
nios2-elf-gcc -xc -MP -MMD -c -I../ssvep_bsp//HAL/inc -I../ssvep_bsp/ -I../ssvep_bsp//drivers/inc  -pipe -D__hal__ -DALT_NO_INSTRUCTION_EMULATION -DALT_SINGLE_THREADED    -O0 -g -Wall   -mno-hw-div -mno-hw-mul -mno-hw-mulx -mgpopt=global  -o obj/default/hello_world.o hello_world.c
hello_world.c: In function 'main':
hello_world.c:45:37: warning: unused variable 'amplitud' [-Wunused-variable]
   int resultado_fase,resultado_cuad,amplitud;
                                     ^
hello_world.c:35:9: warning: unused variable 'fifo_4_ptr' [-Wunused-variable]
   int * fifo_4_ptr = (int*) FIFO_4_BASE;
         ^
hello_world.c:34:9: warning: unused variable 'fifo_3_ptr' [-Wunused-variable]
   int * fifo_3_ptr = (int*) FIFO_3_BASE;
         ^
hello_world.c: In function 'leer_fifo_64_bit':
hello_world.c:88:9: warning: function returns address of local variable [-Wreturn-local-addr]
  return resultados;
         ^
Info: Linking ssvep.elf
nios2-elf-g++  -T'../ssvep_bsp//linker.x' -msys-crt0='../ssvep_bsp//obj/HAL/src/crt0.o' -msys-lib=hal_bsp -L../ssvep_bsp/   -Wl,-Map=ssvep.map   -O0 -g -Wall   -mno-hw-div -mno-hw-mul -mno-hw-mulx -mgpopt=global  -o ssvep.elf obj/default/hello_world.o -lm -msys-lib=m
nios2-elf-insert ssvep.elf --thread_model hal --cpu_name nios2_qsys_0 --qsys true --simulation_enabled false --stderr_dev jtag_uart_0 --stdin_dev jtag_uart_0 --stdout_dev jtag_uart_0 --sopc_system_name processor --quartus_project_dir "C:/Users/MatiOliva/Desktop" --sopcinfo C:/Users/MatiOliva/Desktop/software/ssvep_bsp/../../processor.sopcinfo
Info: (ssvep.elf) 72 KBytes program size (code + initialized data).
Info:             48 KBytes free for stack + heap.
Info: Creating ssvep.objdump
nios2-elf-objdump --disassemble --syms --all-header --source ssvep.elf >ssvep.objdump
[ssvep build complete]
15:25:50 **** Incremental Build of configuration Nios II for project ssvep ****
make all 
Info: Building ../ssvep_bsp/
C:/intelFPGA_lite/17.1/nios2eds/bin/gnu/H-x86_64-mingw32/bin/make --no-print-directory -C ../ssvep_bsp/
[BSP build complete]
Info: Compiling hello_world.c to obj/default/hello_world.o
nios2-elf-gcc -xc -MP -MMD -c -I../ssvep_bsp//HAL/inc -I../ssvep_bsp/ -I../ssvep_bsp//drivers/inc  -pipe -D__hal__ -DALT_NO_INSTRUCTION_EMULATION -DALT_SINGLE_THREADED    -O0 -g -Wall   -mno-hw-div -mno-hw-mul -mno-hw-mulx -mgpopt=global  -o obj/default/hello_world.o hello_world.c
hello_world.c: In function 'main':
hello_world.c:45:37: warning: unused variable 'amplitud' [-Wunused-variable]
   int resultado_fase,resultado_cuad,amplitud;
                                     ^
hello_world.c:35:9: warning: unused variable 'fifo_4_ptr' [-Wunused-variable]
   int * fifo_4_ptr = (int*) FIFO_4_BASE;
         ^
hello_world.c:34:9: warning: unused variable 'fifo_3_ptr' [-Wunused-variable]
   int * fifo_3_ptr = (int*) FIFO_3_BASE;
         ^
hello_world.c: In function 'leer_fifo_64_bit':
hello_world.c:88:9: warning: function returns address of local variable [-Wreturn-local-addr]
  return resultados;
         ^
Info: Linking ssvep.elf
nios2-elf-g++  -T'../ssvep_bsp//linker.x' -msys-crt0='../ssvep_bsp//obj/HAL/src/crt0.o' -msys-lib=hal_bsp -L../ssvep_bsp/   -Wl,-Map=ssvep.map   -O0 -g -Wall   -mno-hw-div -mno-hw-mul -mno-hw-mulx -mgpopt=global  -o ssvep.elf obj/default/hello_world.o -lm -msys-lib=m
nios2-elf-insert ssvep.elf --thread_model hal --cpu_name nios2_qsys_0 --qsys true --simulation_enabled false --stderr_dev jtag_uart_0 --stdin_dev jtag_uart_0 --stdout_dev jtag_uart_0 --sopc_system_name processor --quartus_project_dir "C:/Users/MatiOliva/Desktop" --sopcinfo C:/Users/MatiOliva/Desktop/software/ssvep_bsp/../../processor.sopcinfo
Info: (ssvep.elf) 72 KBytes program size (code + initialized data).
Info:             48 KBytes free for stack + heap.
Info: Creating ssvep.objdump
nios2-elf-objdump --disassemble --syms --all-header --source ssvep.elf >ssvep.objdump
[ssvep build complete]
