15:25:50 **** Incremental Build of configuration Nios II for project ssvep ****
make all 
Info: Building ../ssvep_bsp/
C:/intelFPGA_lite/17.1/nios2eds/bin/gnu/H-x86_64-mingw32/bin/make --no-print-directory -C ../ssvep_bsp/
[BSP build complete]
Info: Compiling hello_world.c to obj/default/hello_world.o
nios2-elf-gcc -xc -MP -MMD -c -I../ssvep_bsp//HAL/inc -I../ssvep_bsp/ -I../ssvep_bsp//drivers/inc  -pipe -D__hal__ -DALT_NO_INSTRUCTION_EMULATION -DALT_SINGLE_THREADED    -O0 -g -Wall   -mno-hw-div -mno-hw-mul -mno-hw-mulx -mgpopt=global  -o obj/default/hello_world.o hello_world.c
hello_world.c: In function 'main':
hello_world.c:45:37: warning: unused variable 'amplitud' [-Wunused-variable]
   int resultado_fase,resultado_cuad,amplitud;
                                     ^
hello_world.c:35:9: warning: unused variable 'fifo_4_ptr' [-Wunused-variable]
   int * fifo_4_ptr = (int*) FIFO_4_BASE;
         ^
hello_world.c:34:9: warning: unused variable 'fifo_3_ptr' [-Wunused-variable]
   int * fifo_3_ptr = (int*) FIFO_3_BASE;
         ^
hello_world.c: In function 'leer_fifo_64_bit':
hello_world.c:88:9: warning: function returns address of local variable [-Wreturn-local-addr]
  return resultados;
         ^
Info: Linking ssvep.elf
nios2-elf-g++  -T'../ssvep_bsp//linker.x' -msys-crt0='../ssvep_bsp//obj/HAL/src/crt0.o' -msys-lib=hal_bsp -L../ssvep_bsp/   -Wl,-Map=ssvep.map   -O0 -g -Wall   -mno-hw-div -mno-hw-mul -mno-hw-mulx -mgpopt=global  -o ssvep.elf obj/default/hello_world.o -lm -msys-lib=m
nios2-elf-insert ssvep.elf --thread_model hal --cpu_name nios2_qsys_0 --qsys true --simulation_enabled false --stderr_dev jtag_uart_0 --stdin_dev jtag_uart_0 --stdout_dev jtag_uart_0 --sopc_system_name processor --quartus_project_dir "C:/Users/MatiOliva/Desktop" --sopcinfo C:/Users/MatiOliva/Desktop/software/ssvep_bsp/../../processor.sopcinfo
Info: (ssvep.elf) 72 KBytes program size (code + initialized data).
Info:             48 KBytes free for stack + heap.
Info: Creating ssvep.objdump
nios2-elf-objdump --disassemble --syms --all-header --source ssvep.elf >ssvep.objdump
[ssvep build complete]

15:25:56 Build Finished (took 6s.534ms)

